# JRE version: OpenJDK Runtime Environment Temurin-21.0.10+7 (21.0.10+7) (build 21.0.10+7-LTS)
# Java VM: OpenJDK 64-Bit Server VM Temurin-21.0.10+7 (21.0.10+7-LTS, mixed mode, sharing, tiered, compressed oops, compressed class ptrs, parallel gc, windows-amd64)
GC Precious Log:
 CardTable entry size: 512
 CPUs: 4 total, 4 available
 Memory: 6084M
 Large Page Support: Disabled
 NUMA Support: Disabled
 Compressed Oops: Enabled (32-bit)
 Alignments: Space 512K, Generation 512K, Heap 2M
 Heap Min Capacity: 100M
 Heap Initial Capacity: 100M
 Heap Max Capacity: 2G
 Pre-touch: Disabled
 Parallel Workers: 4
Heap:
 PSYoungGen      total 18944K, used 18602K [0x00000000d5580000, 0x00000000d6a80000, 0x0000000100000000)
  eden space 17408K, 98% used [0x00000000d5580000,0x00000000d6632890,0x00000000d6680000)
  from space 1536K, 97% used [0x00000000d6900000,0x00000000d6a78010,0x00000000d6a80000)
  to   space 1536K, 0% used [0x00000000d6780000,0x00000000d6780000,0x00000000d6900000)
 ParOldGen       total 68608K, used 49140K [0x0000000080000000, 0x0000000084300000, 0x00000000d5580000)
  object space 68608K, 71% used [0x0000000080000000,0x0000000082ffd180,0x0000000084300000)
 Metaspace       used 58400K, committed 59840K, reserved 1114112K
  class space    used 6300K, committed 6976K, reserved 1048576K
GC Heap History (20 events):
Event: 11.274 GC heap before
{Heap before GC invocations=32 (full 2):
 PSYoungGen      total 19968K, used 19450K [0x00000000d5580000, 0x00000000d6b00000, 0x0000000100000000)
  eden space 17920K, 100% used [0x00000000d5580000,0x00000000d6700000,0x00000000d6700000)
  from space 2048K, 74% used [0x00000000d6700000,0x00000000d687e810,0x00000000d6900000)
  to   space 2048K, 0% used [0x00000000d6900000,0x00000000d6900000,0x00000000d6b00000)
 ParOldGen       total 68608K, used 44389K [0x0000000080000000, 0x0000000084300000, 0x00000000d5580000)
  object space 68608K, 64% used [0x0000000080000000,0x0000000082b59738,0x0000000084300000)
 Metaspace       used 51177K, committed 52544K, reserved 1114112K
  class space    used 5623K, committed 6208K, reserved 1048576K
}
Event: 11.276 GC heap after
{Heap after GC invocations=32 (full 2):
 PSYoungGen      total 18432K, used 504K [0x00000000d5580000, 0x00000000d6980000, 0x0000000100000000)
  eden space 17920K, 0% used [0x00000000d5580000,0x00000000d5580000,0x00000000d6700000)
  from space 512K, 98% used [0x00000000d6900000,0x00000000d697e2f8,0x00000000d6980000)
  to   space 1024K, 0% used [0x00000000d6780000,0x00000000d6780000,0x00000000d6880000)
 ParOldGen       total 68608K, used 45653K [0x0000000080000000, 0x0000000084300000, 0x00000000d5580000)
  object space 68608K, 66% used [0x0000000080000000,0x0000000082c95770,0x0000000084300000)
 Metaspace       used 51177K, committed 52544K, reserved 1114112K
  class space    used 5623K, committed 6208K, reserved 1048576K
}
Event: 11.686 GC heap before
{Heap before GC invocations=33 (full 2):
 PSYoungGen      total 18432K, used 18421K [0x00000000d5580000, 0x00000000d6980000, 0x0000000100000000)
  eden space 17920K, 99% used [0x00000000d5580000,0x00000000d66ff1d8,0x00000000d6700000)
  from space 512K, 98% used [0x00000000d6900000,0x00000000d697e2f8,0x00000000d6980000)
  to   space 1024K, 0% used [0x00000000d6780000,0x00000000d6780000,0x00000000d6880000)
 ParOldGen       total 68608K, used 45653K [0x0000000080000000, 0x0000000084300000, 0x00000000d5580000)
  object space 68608K, 66% used [0x0000000080000000,0x0000000082c95770,0x0000000084300000)
 Metaspace       used 52178K, committed 53568K, reserved 1114112K
  class space    used 5721K, committed 6336K, reserved 1048576K
}
Event: 11.687 GC heap after
{Heap after GC invocations=33 (full 2):
 PSYoungGen      total 18944K, used 320K [0x00000000d5580000, 0x00000000d6980000, 0x0000000100000000)
  eden space 17920K, 0% used [0x00000000d5580000,0x00000000d5580000,0x00000000d6700000)
  from space 1024K, 31% used [0x00000000d6780000,0x00000000d67d0000,0x00000000d6880000)
  to   space 512K, 0% used [0x00000000d6900000,0x00000000d6900000,0x00000000d6980000)
 ParOldGen       total 68608K, used 46029K [0x0000000080000000, 0x0000000084300000, 0x00000000d5580000)
  object space 68608K, 67% used [0x0000000080000000,0x0000000082cf3500,0x0000000084300000)
 Metaspace       used 52178K, committed 53568K, reserved 1114112K
  class space    used 5721K, committed 6336K, reserved 1048576K
}
Event: 11.954 GC heap before
{Heap before GC invocations=34 (full 2):
 PSYoungGen      total 18944K, used 18096K [0x00000000d5580000, 0x00000000d6980000, 0x0000000100000000)
  eden space 17920K, 99% used [0x00000000d5580000,0x00000000d66dc0e8,0x00000000d6700000)
  from space 1024K, 31% used [0x00000000d6780000,0x00000000d67d0000,0x00000000d6880000)
  to   space 512K, 0% used [0x00000000d6900000,0x00000000d6900000,0x00000000d6980000)
 ParOldGen       total 68608K, used 46029K [0x0000000080000000, 0x0000000084300000, 0x00000000d5580000)
  object space 68608K, 67% used [0x0000000080000000,0x0000000082cf3500,0x0000000084300000)
 Metaspace       used 52879K, committed 54272K, reserved 1114112K
  class space    used 5776K, committed 6400K, reserved 1048576K
}
Event: 11.956 GC heap after
{Heap after GC invocations=34 (full 2):
 PSYoungGen      total 18432K, used 493K [0x00000000d5580000, 0x00000000d6b00000, 0x0000000100000000)
  eden space 17920K, 0% used [0x00000000d5580000,0x00000000d5580000,0x00000000d6700000)
  from space 512K, 96% used [0x00000000d6900000,0x00000000d697b650,0x00000000d6980000)
  to   space 2048K, 0% used [0x00000000d6700000,0x00000000d6700000,0x00000000d6900000)
 ParOldGen       total 68608K, used 47253K [0x0000000080000000, 0x0000000084300000, 0x00000000d5580000)
  object space 68608K, 68% used [0x0000000080000000,0x0000000082e257f8,0x0000000084300000)
 Metaspace       used 52879K, committed 54272K, reserved 1114112K
  class space    used 5776K, committed 6400K, reserved 1048576K
}
Event: 12.027 GC heap before
{Heap before GC invocations=35 (full 2):
 PSYoungGen      total 18432K, used 18413K [0x00000000d5580000, 0x00000000d6b00000, 0x0000000100000000)
  eden space 17920K, 100% used [0x00000000d5580000,0x00000000d6700000,0x00000000d6700000)
  from space 512K, 96% used [0x00000000d6900000,0x00000000d697b650,0x00000000d6980000)
  to   space 2048K, 0% used [0x00000000d6700000,0x00000000d6700000,0x00000000d6900000)
 ParOldGen       total 68608K, used 47253K [0x0000000080000000, 0x0000000084300000, 0x00000000d5580000)
  object space 68608K, 68% used [0x0000000080000000,0x0000000082e257f8,0x0000000084300000)
 Metaspace       used 52895K, committed 54272K, reserved 1114112K
  class space    used 5776K, committed 6400K, reserved 1048576K
}
Event: 12.028 GC heap after
{Heap after GC invocations=35 (full 2):
 PSYoungGen      total 19456K, used 1422K [0x00000000d5580000, 0x00000000d6a00000, 0x0000000100000000)
  eden space 17920K, 0% used [0x00000000d5580000,0x00000000d5580000,0x00000000d6700000)
  from space 1536K, 92% used [0x00000000d6700000,0x00000000d68639e8,0x00000000d6880000)
  to   space 1536K, 0% used [0x00000000d6880000,0x00000000d6880000,0x00000000d6a00000)
 ParOldGen       total 68608K, used 47755K [0x0000000080000000, 0x0000000084300000, 0x00000000d5580000)
  object space 68608K, 69% used [0x0000000080000000,0x0000000082ea2e48,0x0000000084300000)
 Metaspace       used 52895K, committed 54272K, reserved 1114112K
  class space    used 5776K, committed 6400K, reserved 1048576K
}
Event: 12.408 GC heap before
{Heap before GC invocations=36 (full 2):
 PSYoungGen      total 19456K, used 19342K [0x00000000d5580000, 0x00000000d6a00000, 0x0000000100000000)
  eden space 17920K, 100% used [0x00000000d5580000,0x00000000d6700000,0x00000000d6700000)
  from space 1536K, 92% used [0x00000000d6700000,0x00000000d68639e8,0x00000000d6880000)
  to   space 1536K, 0% used [0x00000000d6880000,0x00000000d6880000,0x00000000d6a00000)
 ParOldGen       total 68608K, used 47755K [0x0000000080000000, 0x0000000084300000, 0x00000000d5580000)
  object space 68608K, 69% used [0x0000000080000000,0x0000000082ea2e48,0x0000000084300000)
 Metaspace       used 54883K, committed 56256K, reserved 1114112K
  class space    used 5968K, committed 6592K, reserved 1048576K
}
Event: 12.410 GC heap after
{Heap after GC invocations=36 (full 2):
 PSYoungGen      total 18432K, used 454K [0x00000000d5580000, 0x00000000d6900000, 0x0000000100000000)
  eden space 17920K, 0% used [0x00000000d5580000,0x00000000d5580000,0x00000000d6700000)
  from space 512K, 88% used [0x00000000d6880000,0x00000000d68f18b0,0x00000000d6900000)
  to   space 1024K, 0% used [0x00000000d6700000,0x00000000d6700000,0x00000000d6800000)
 ParOldGen       total 68608K, used 48077K [0x0000000080000000, 0x0000000084300000, 0x00000000d5580000)
  object space 68608K, 70% used [0x0000000080000000,0x0000000082ef3758,0x0000000084300000)
 Metaspace       used 54883K, committed 56256K, reserved 1114112K
  class space    used 5968K, committed 6592K, reserved 1048576K
}
Event: 12.838 GC heap before
{Heap before GC invocations=37 (full 2):
 PSYoungGen      total 18432K, used 18374K [0x00000000d5580000, 0x00000000d6900000, 0x0000000100000000)
  eden space 17920K, 100% used [0x00000000d5580000,0x00000000d6700000,0x00000000d6700000)
  from space 512K, 88% used [0x00000000d6880000,0x00000000d68f18b0,0x00000000d6900000)
  to   space 1024K, 0% used [0x00000000d6700000,0x00000000d6700000,0x00000000d6800000)
 ParOldGen       total 68608K, used 48077K [0x0000000080000000, 0x0000000084300000, 0x00000000d5580000)
  object space 68608K, 70% used [0x0000000080000000,0x0000000082ef3758,0x0000000084300000)
 Metaspace       used 57092K, committed 58496K, reserved 1114112K
  class space    used 6201K, committed 6848K, reserved 1048576K
}
Event: 12.841 GC heap after
{Heap after GC invocations=37 (full 2):
 PSYoungGen      total 18944K, used 1024K [0x00000000d5580000, 0x00000000d6b00000, 0x0000000100000000)
  eden space 17920K, 0% used [0x00000000d5580000,0x00000000d5580000,0x00000000d6700000)
  from space 1024K, 100% used [0x00000000d6700000,0x00000000d6800000,0x00000000d6800000)
  to   space 2048K, 0% used [0x00000000d6900000,0x00000000d6900000,0x00000000d6b00000)
 ParOldGen       total 68608K, used 48598K [0x0000000080000000, 0x0000000084300000, 0x00000000d5580000)
  object space 68608K, 70% used [0x0000000080000000,0x0000000082f75918,0x0000000084300000)
 Metaspace       used 57092K, committed 58496K, reserved 1114112K
  class space    used 6201K, committed 6848K, reserved 1048576K
}
Event: 13.067 GC heap before
{Heap before GC invocations=38 (full 2):
 PSYoungGen      total 18944K, used 18944K [0x00000000d5580000, 0x00000000d6b00000, 0x0000000100000000)
  eden space 17920K, 100% used [0x00000000d5580000,0x00000000d6700000,0x00000000d6700000)
  from space 1024K, 100% used [0x00000000d6700000,0x00000000d6800000,0x00000000d6800000)
  to   space 2048K, 0% used [0x00000000d6900000,0x00000000d6900000,0x00000000d6b00000)
 ParOldGen       total 68608K, used 48598K [0x0000000080000000, 0x0000000084300000, 0x00000000d5580000)
  object space 68608K, 70% used [0x0000000080000000,0x0000000082f75918,0x0000000084300000)
 Metaspace       used 58227K, committed 59712K, reserved 1114112K
  class space    used 6293K, committed 6976K, reserved 1048576K
}
Event: 13.071 GC heap after
{Heap after GC invocations=38 (full 2):
 PSYoungGen      total 19456K, used 1937K [0x00000000d5580000, 0x00000000d6c00000, 0x0000000100000000)
  eden space 17408K, 0% used [0x00000000d5580000,0x00000000d5580000,0x00000000d6680000)
  from space 2048K, 94% used [0x00000000d6900000,0x00000000d6ae4408,0x00000000d6b00000)
  to   space 2560K, 0% used [0x00000000d6680000,0x00000000d6680000,0x00000000d6900000)
 ParOldGen       total 68608K, used 49572K [0x0000000080000000, 0x0000000084300000, 0x00000000d5580000)
  object space 68608K, 72% used [0x0000000080000000,0x0000000083069300,0x0000000084300000)
 Metaspace       used 58227K, committed 59712K, reserved 1114112K
  class space    used 6293K, committed 6976K, reserved 1048576K
}
Event: 13.136 GC heap before
{Heap before GC invocations=39 (full 2):
 PSYoungGen      total 19456K, used 13643K [0x00000000d5580000, 0x00000000d6c00000, 0x0000000100000000)
  eden space 17408K, 67% used [0x00000000d5580000,0x00000000d60ee8a0,0x00000000d6680000)
  from space 2048K, 94% used [0x00000000d6900000,0x00000000d6ae4408,0x00000000d6b00000)
  to   space 2560K, 0% used [0x00000000d6680000,0x00000000d6680000,0x00000000d6900000)
 ParOldGen       total 68608K, used 49572K [0x0000000080000000, 0x0000000084300000, 0x00000000d5580000)
  object space 68608K, 72% used [0x0000000080000000,0x0000000083069300,0x0000000084300000)
 Metaspace       used 58320K, committed 59776K, reserved 1114112K
  class space    used 6297K, committed 6976K, reserved 1048576K
}
Event: 13.140 GC heap after
{Heap after GC invocations=39 (full 2):
 PSYoungGen      total 19968K, used 1450K [0x00000000d5580000, 0x00000000d6b00000, 0x0000000100000000)
  eden space 17408K, 0% used [0x00000000d5580000,0x00000000d5580000,0x00000000d6680000)
  from space 2560K, 56% used [0x00000000d6680000,0x00000000d67eaa38,0x00000000d6900000)
  to   space 2048K, 0% used [0x00000000d6900000,0x00000000d6900000,0x00000000d6b00000)
 ParOldGen       total 68608K, used 51294K [0x0000000080000000, 0x0000000084300000, 0x00000000d5580000)
  object space 68608K, 74% used [0x0000000080000000,0x0000000083217b18,0x0000000084300000)
 Metaspace       used 58320K, committed 59776K, reserved 1114112K
  class space    used 6297K, committed 6976K, reserved 1048576K
}
Event: 13.140 GC heap before
{Heap before GC invocations=40 (full 3):
 PSYoungGen      total 19968K, used 1450K [0x00000000d5580000, 0x00000000d6b00000, 0x0000000100000000)
  eden space 17408K, 0% used [0x00000000d5580000,0x00000000d5580000,0x00000000d6680000)
  from space 2560K, 56% used [0x00000000d6680000,0x00000000d67eaa38,0x00000000d6900000)
  to   space 2048K, 0% used [0x00000000d6900000,0x00000000d6900000,0x00000000d6b00000)
 ParOldGen       total 68608K, used 51294K [0x0000000080000000, 0x0000000084300000, 0x00000000d5580000)
  object space 68608K, 74% used [0x0000000080000000,0x0000000083217b18,0x0000000084300000)
 Metaspace       used 58320K, committed 59776K, reserved 1114112K
  class space    used 6297K, committed 6976K, reserved 1048576K
}
Event: 13.225 GC heap after
{Heap after GC invocations=40 (full 3):
 PSYoungGen      total 19968K, used 0K [0x00000000d5580000, 0x00000000d6b00000, 0x0000000100000000)
  eden space 17408K, 0% used [0x00000000d5580000,0x00000000d5580000,0x00000000d6680000)
  from space 2560K, 0% used [0x00000000d6680000,0x00000000d6680000,0x00000000d6900000)
  to   space 2048K, 0% used [0x00000000d6900000,0x00000000d6900000,0x00000000d6b00000)
 ParOldGen       total 68608K, used 49140K [0x0000000080000000, 0x0000000084300000, 0x00000000d5580000)
  object space 68608K, 71% used [0x0000000080000000,0x0000000082ffd180,0x0000000084300000)
 Metaspace       used 58320K, committed 59776K, reserved 1114112K
  class space    used 6297K, committed 6976K, reserved 1048576K
}
Event: 13.313 GC heap before
{Heap before GC invocations=41 (full 3):
 PSYoungGen      total 19968K, used 17408K [0x00000000d5580000, 0x00000000d6b00000, 0x0000000100000000)
  eden space 17408K, 100% used [0x00000000d5580000,0x00000000d6680000,0x00000000d6680000)
  from space 2560K, 0% used [0x00000000d6680000,0x00000000d6680000,0x00000000d6900000)
  to   space 2048K, 0% used [0x00000000d6900000,0x00000000d6900000,0x00000000d6b00000)
 ParOldGen       total 68608K, used 49140K [0x0000000080000000, 0x0000000084300000, 0x00000000d5580000)
  object space 68608K, 71% used [0x0000000080000000,0x0000000082ffd180,0x0000000084300000)
 Metaspace       used 58352K, committed 59840K, reserved 1114112K
  class space    used 6300K, committed 6976K, reserved 1048576K
}
Event: 13.315 GC heap after
{Heap after GC invocations=41 (full 3):
 PSYoungGen      total 18944K, used 1504K [0x00000000d5580000, 0x00000000d6a80000, 0x0000000100000000)
  eden space 17408K, 0% used [0x00000000d5580000,0x00000000d5580000,0x00000000d6680000)
  from space 1536K, 97% used [0x00000000d6900000,0x00000000d6a78010,0x00000000d6a80000)
  to   space 1536K, 0% used [0x00000000d6780000,0x00000000d6780000,0x00000000d6900000)
 ParOldGen       total 68608K, used 49140K [0x0000000080000000, 0x0000000084300000, 0x00000000d5580000)
  object space 68608K, 71% used [0x0000000080000000,0x0000000082ffd180,0x0000000084300000)
 Metaspace       used 58352K, committed 59840K, reserved 1114112K
  class space    used 6300K, committed 6976K, reserved 1048576K
}

